<?xml version="1.0" encoding="UTF-8"?>
<testng-results skipped="0" failed="0" total="2" passed="2">
  <reporter-output>
  </reporter-output>
  <suite name="Suite" duration-ms="95051" started-at="2016-09-16T10:37:25Z" finished-at="2016-09-16T10:39:00Z">
    <groups>
    </groups>
    <test name="Test" duration-ms="95051" started-at="2016-09-16T10:37:25Z" finished-at="2016-09-16T10:39:00Z">
      <class name="com.org.LearningMaven.Login">
        <test-method status="PASS" signature="setup()[pri:0, instance:com.org.LearningMaven.Login@42d80b78]" name="setup" is-config="true" duration-ms="12639" started-at="2016-09-16T16:07:25Z" finished-at="2016-09-16T16:07:38Z">
          <reporter-output>
          </reporter-output>
        </test-method> <!-- setup -->
        <test-method status="PASS" signature="WelcomeScreenNavigation()[pri:1, instance:com.org.LearningMaven.Login@42d80b78]" name="WelcomeScreenNavigation" duration-ms="32307" started-at="2016-09-16T16:07:38Z" finished-at="2016-09-16T16:08:10Z">
          <reporter-output>
          </reporter-output>
        </test-method> <!-- WelcomeScreenNavigation -->
        <test-method status="PASS" signature="ForgotPassword()[pri:2, instance:com.org.LearningMaven.Login@42d80b78]" name="ForgotPassword" duration-ms="50086" started-at="2016-09-16T16:08:10Z" finished-at="2016-09-16T16:09:00Z">
          <reporter-output>
          </reporter-output>
        </test-method> <!-- ForgotPassword -->
      </class> <!-- com.org.LearningMaven.Login -->
    </test> <!-- Test -->
  </suite> <!-- Suite -->
</testng-results>
